Analysis & Synthesis report for cntr8
Sat Oct 30 18:28:07 2021
Quartus Prime Version 15.1.0 Build 185 10/21/2015 SJ Lite Edition


---------------------
; Table of Contents ;
---------------------
  1. Legal Notice
  2. Analysis & Synthesis Summary
  3. Analysis & Synthesis Settings
  4. Parallel Compilation
  5. Analysis & Synthesis Source Files Read
  6. Analysis & Synthesis Resource Usage Summary
  7. Analysis & Synthesis Resource Utilization by Entity
  8. Logic Cells Representing Combinational Loops
  9. General Register Statistics
 10. Parameter Settings for User Entity Instance: Top-level Entity: |os_logic
 11. Port Connectivity Checks: "cla8:U1_cla8"
 12. Port Connectivity Checks: "cla8:U0_cla8"
 13. Post-Synthesis Netlist Statistics for Top Partition
 14. Elapsed Time Per Partition
 15. Analysis & Synthesis Messages
 16. Analysis & Synthesis Suppressed Messages



----------------
; Legal Notice ;
----------------
Copyright (C) 1991-2015 Altera Corporation. All rights reserved.
Your use of Altera Corporation's design tools, logic functions 
and other software and tools, and its AMPP partner logic 
functions, and any output files from any of the foregoing 
(including device programming or simulation files), and any 
associated documentation or information are expressly subject 
to the terms and conditions of the Altera Program License 
Subscription Agreement, the Altera Quartus Prime License Agreement,
the Altera MegaCore Function License Agreement, or other 
applicable license agreement, including, without limitation, 
that your use is for the sole purpose of programming logic 
devices manufactured by Altera and sold by Altera or its 
authorized distributors.  Please refer to the applicable 
agreement for further details.



+-------------------------------------------------------------------------------+
; Analysis & Synthesis Summary                                                  ;
+---------------------------------+---------------------------------------------+
; Analysis & Synthesis Status     ; Successful - Sat Oct 30 18:28:07 2021       ;
; Quartus Prime Version           ; 15.1.0 Build 185 10/21/2015 SJ Lite Edition ;
; Revision Name                   ; cntr8                                       ;
; Top-level Entity Name           ; os_logic                                    ;
; Family                          ; Cyclone V                                   ;
; Logic utilization (in ALMs)     ; N/A                                         ;
; Total registers                 ; 0                                           ;
; Total pins                      ; 19                                          ;
; Total virtual pins              ; 0                                           ;
; Total block memory bits         ; 0                                           ;
; Total DSP Blocks                ; 0                                           ;
; Total HSSI RX PCSs              ; 0                                           ;
; Total HSSI PMA RX Deserializers ; 0                                           ;
; Total HSSI TX PCSs              ; 0                                           ;
; Total HSSI PMA TX Serializers   ; 0                                           ;
; Total PLLs                      ; 0                                           ;
; Total DLLs                      ; 0                                           ;
+---------------------------------+---------------------------------------------+


+---------------------------------------------------------------------------------------------------------------------------+
; Analysis & Synthesis Settings                                                                                             ;
+---------------------------------------------------------------------------------+--------------------+--------------------+
; Option                                                                          ; Setting            ; Default Value      ;
+---------------------------------------------------------------------------------+--------------------+--------------------+
; Device                                                                          ; 5CSXFC6D6F31C6     ;                    ;
; Top-level entity name                                                           ; os_logic           ; cntr8              ;
; Family name                                                                     ; Cyclone V          ; Cyclone V          ;
; Use smart compilation                                                           ; Off                ; Off                ;
; Enable parallel Assembler and TimeQuest Timing Analyzer during compilation      ; On                 ; On                 ;
; Enable compact report table                                                     ; Off                ; Off                ;
; Restructure Multiplexers                                                        ; Auto               ; Auto               ;
; MLAB Add Timing Constraints For Mixed-Port Feed-Through Mode Setting Don't Care ; Off                ; Off                ;
; Create Debugging Nodes for IP Cores                                             ; Off                ; Off                ;
; Preserve fewer node names                                                       ; On                 ; On                 ;
; Disable OpenCore Plus hardware evaluation                                       ; Off                ; Off                ;
; Verilog Version                                                                 ; Verilog_2001       ; Verilog_2001       ;
; VHDL Version                                                                    ; VHDL_1993          ; VHDL_1993          ;
; State Machine Processing                                                        ; Auto               ; Auto               ;
; Safe State Machine                                                              ; Off                ; Off                ;
; Extract Verilog State Machines                                                  ; On                 ; On                 ;
; Extract VHDL State Machines                                                     ; On                 ; On                 ;
; Ignore Verilog initial constructs                                               ; Off                ; Off                ;
; Iteration limit for constant Verilog loops                                      ; 5000               ; 5000               ;
; Iteration limit for non-constant Verilog loops                                  ; 250                ; 250                ;
; Add Pass-Through Logic to Inferred RAMs                                         ; On                 ; On                 ;
; Infer RAMs from Raw Logic                                                       ; On                 ; On                 ;
; Parallel Synthesis                                                              ; On                 ; On                 ;
; DSP Block Balancing                                                             ; Auto               ; Auto               ;
; NOT Gate Push-Back                                                              ; On                 ; On                 ;
; Power-Up Don't Care                                                             ; On                 ; On                 ;
; Remove Redundant Logic Cells                                                    ; Off                ; Off                ;
; Remove Duplicate Registers                                                      ; On                 ; On                 ;
; Ignore CARRY Buffers                                                            ; Off                ; Off                ;
; Ignore CASCADE Buffers                                                          ; Off                ; Off                ;
; Ignore GLOBAL Buffers                                                           ; Off                ; Off                ;
; Ignore ROW GLOBAL Buffers                                                       ; Off                ; Off                ;
; Ignore LCELL Buffers                                                            ; Off                ; Off                ;
; Ignore SOFT Buffers                                                             ; On                 ; On                 ;
; Limit AHDL Integers to 32 Bits                                                  ; Off                ; Off                ;
; Optimization Technique                                                          ; Balanced           ; Balanced           ;
; Carry Chain Length                                                              ; 70                 ; 70                 ;
; Auto Carry Chains                                                               ; On                 ; On                 ;
; Auto Open-Drain Pins                                                            ; On                 ; On                 ;
; Perform WYSIWYG Primitive Resynthesis                                           ; Off                ; Off                ;
; Auto ROM Replacement                                                            ; On                 ; On                 ;
; Auto RAM Replacement                                                            ; On                 ; On                 ;
; Auto DSP Block Replacement                                                      ; On                 ; On                 ;
; Auto Shift Register Replacement                                                 ; Auto               ; Auto               ;
; Allow Shift Register Merging across Hierarchies                                 ; Auto               ; Auto               ;
; Auto Clock Enable Replacement                                                   ; On                 ; On                 ;
; Strict RAM Replacement                                                          ; Off                ; Off                ;
; Allow Synchronous Control Signals                                               ; On                 ; On                 ;
; Force Use of Synchronous Clear Signals                                          ; Off                ; Off                ;
; Auto Resource Sharing                                                           ; Off                ; Off                ;
; Allow Any RAM Size For Recognition                                              ; Off                ; Off                ;
; Allow Any ROM Size For Recognition                                              ; Off                ; Off                ;
; Allow Any Shift Register Size For Recognition                                   ; Off                ; Off                ;
; Use LogicLock Constraints during Resource Balancing                             ; On                 ; On                 ;
; Ignore translate_off and synthesis_off directives                               ; Off                ; Off                ;
; Timing-Driven Synthesis                                                         ; On                 ; On                 ;
; Report Parameter Settings                                                       ; On                 ; On                 ;
; Report Source Assignments                                                       ; On                 ; On                 ;
; Report Connectivity Checks                                                      ; On                 ; On                 ;
; Ignore Maximum Fan-Out Assignments                                              ; Off                ; Off                ;
; Synchronization Register Chain Length                                           ; 3                  ; 3                  ;
; PowerPlay Power Optimization During Synthesis                                   ; Normal compilation ; Normal compilation ;
; HDL message level                                                               ; Level2             ; Level2             ;
; Suppress Register Optimization Related Messages                                 ; Off                ; Off                ;
; Number of Removed Registers Reported in Synthesis Report                        ; 5000               ; 5000               ;
; Number of Swept Nodes Reported in Synthesis Report                              ; 5000               ; 5000               ;
; Number of Inverted Registers Reported in Synthesis Report                       ; 100                ; 100                ;
; Clock MUX Protection                                                            ; On                 ; On                 ;
; Auto Gated Clock Conversion                                                     ; Off                ; Off                ;
; Block Design Naming                                                             ; Auto               ; Auto               ;
; SDC constraint protection                                                       ; Off                ; Off                ;
; Synthesis Effort                                                                ; Auto               ; Auto               ;
; Shift Register Replacement - Allow Asynchronous Clear Signal                    ; On                 ; On                 ;
; Pre-Mapping Resynthesis Optimization                                            ; Off                ; Off                ;
; Analysis & Synthesis Message Level                                              ; Medium             ; Medium             ;
; Disable Register Merging Across Hierarchies                                     ; Auto               ; Auto               ;
; Resource Aware Inference For Block RAM                                          ; On                 ; On                 ;
; Synthesis Seed                                                                  ; 1                  ; 1                  ;
; Automatic Parallel Synthesis                                                    ; On                 ; On                 ;
; Partial Reconfiguration Bitstream ID                                            ; Off                ; Off                ;
+---------------------------------------------------------------------------------+--------------------+--------------------+


+------------------------------------------+
; Parallel Compilation                     ;
+----------------------------+-------------+
; Processors                 ; Number      ;
+----------------------------+-------------+
; Number detected on machine ; 12          ;
; Maximum allowed            ; 12          ;
;                            ;             ;
; Average used               ; 1.00        ;
; Maximum used               ; 1           ;
;                            ;             ;
; Usage by Processor         ; % Time Used ;
;     Processor 1            ; 100.0%      ;
+----------------------------+-------------+


+-----------------------------------------------------------------------------------------------------------------------------------+
; Analysis & Synthesis Source Files Read                                                                                            ;
+----------------------------------+-----------------+------------------------+-------------------------------------------+---------+
; File Name with User-Entered Path ; Used in Netlist ; File Type              ; File Name with Absolute Path              ; Library ;
+----------------------------------+-----------------+------------------------+-------------------------------------------+---------+
; gates.v                          ; yes             ; User Verilog HDL File  ; C:/altera_lite/15.1/VL/Counter/gates.v    ;         ;
; fa_v2.v                          ; yes             ; User Verilog HDL File  ; C:/altera_lite/15.1/VL/Counter/fa_v2.v    ;         ;
; clb4.v                           ; yes             ; User Verilog HDL File  ; C:/altera_lite/15.1/VL/Counter/clb4.v     ;         ;
; cla8.v                           ; yes             ; User Verilog HDL File  ; C:/altera_lite/15.1/VL/Counter/cla8.v     ;         ;
; cla4.v                           ; yes             ; User Verilog HDL File  ; C:/altera_lite/15.1/VL/Counter/cla4.v     ;         ;
; os_logic.v                       ; yes             ; User Verilog HDL File  ; C:/altera_lite/15.1/VL/Counter/os_logic.v ;         ;
+----------------------------------+-----------------+------------------------+-------------------------------------------+---------+


+------------------------------------------------------+
; Analysis & Synthesis Resource Usage Summary          ;
+---------------------------------------------+--------+
; Resource                                    ; Usage  ;
+---------------------------------------------+--------+
; Estimate of Logic utilization (ALMs needed) ; 15     ;
;                                             ;        ;
; Combinational ALUT usage for logic          ; 19     ;
;     -- 7 input functions                    ; 1      ;
;     -- 6 input functions                    ; 10     ;
;     -- 5 input functions                    ; 3      ;
;     -- 4 input functions                    ; 3      ;
;     -- <=3 input functions                  ; 2      ;
;                                             ;        ;
; Dedicated logic registers                   ; 0      ;
;                                             ;        ;
; I/O pins                                    ; 19     ;
;                                             ;        ;
; Total DSP Blocks                            ; 0      ;
;                                             ;        ;
; Maximum fan-out node                        ; Mux7~0 ;
; Maximum fan-out                             ; 12     ;
; Total fan-out                               ; 127    ;
; Average fan-out                             ; 2.23   ;
+---------------------------------------------+--------+


+-----------------------------------------------------------------------------------------------------------------------------------------------------------------------------------------------------------+
; Analysis & Synthesis Resource Utilization by Entity                                                                                                                                                       ;
+----------------------------+-------------------+--------------+-------------------+------------+------+--------------+---------------------------------------------------------------------+--------------+
; Compilation Hierarchy Node ; LC Combinationals ; LC Registers ; Block Memory Bits ; DSP Blocks ; Pins ; Virtual Pins ; Full Hierarchy Name                                                 ; Library Name ;
+----------------------------+-------------------+--------------+-------------------+------------+------+--------------+---------------------------------------------------------------------+--------------+
; |os_logic                  ; 19 (9)            ; 0 (0)        ; 0                 ; 0          ; 19   ; 0            ; |os_logic                                                           ; work         ;
;    |cla8:U0_cla8|          ; 5 (0)             ; 0 (0)        ; 0                 ; 0          ; 0    ; 0            ; |os_logic|cla8:U0_cla8                                              ; work         ;
;       |cla4:U0_cla4|       ; 1 (0)             ; 0 (0)        ; 0                 ; 0          ; 0    ; 0            ; |os_logic|cla8:U0_cla8|cla4:U0_cla4                                 ; work         ;
;          |fa_v2:U3_fa|     ; 1 (0)             ; 0 (0)        ; 0                 ; 0          ; 0    ; 0            ; |os_logic|cla8:U0_cla8|cla4:U0_cla4|fa_v2:U3_fa                     ; work         ;
;             |_xor2:xor2|   ; 1 (0)             ; 0 (0)        ; 0                 ; 0          ; 0    ; 0            ; |os_logic|cla8:U0_cla8|cla4:U0_cla4|fa_v2:U3_fa|_xor2:xor2          ; work         ;
;                |_or2:or0|  ; 1 (1)             ; 0 (0)        ; 0                 ; 0          ; 0    ; 0            ; |os_logic|cla8:U0_cla8|cla4:U0_cla4|fa_v2:U3_fa|_xor2:xor2|_or2:or0 ; work         ;
;       |cla4:U1_cla4|       ; 4 (0)             ; 0 (0)        ; 0                 ; 0          ; 0    ; 0            ; |os_logic|cla8:U0_cla8|cla4:U1_cla4                                 ; work         ;
;          |clb4:U4_clb4|    ; 1 (0)             ; 0 (0)        ; 0                 ; 0          ; 0    ; 0            ; |os_logic|cla8:U0_cla8|cla4:U1_cla4|clb4:U4_clb4                    ; work         ;
;             |_and3:and3C2| ; 1 (1)             ; 0 (0)        ; 0                 ; 0          ; 0    ; 0            ; |os_logic|cla8:U0_cla8|cla4:U1_cla4|clb4:U4_clb4|_and3:and3C2       ; work         ;
;          |fa_v2:U0_fa|     ; 1 (0)             ; 0 (0)        ; 0                 ; 0          ; 0    ; 0            ; |os_logic|cla8:U0_cla8|cla4:U1_cla4|fa_v2:U0_fa                     ; work         ;
;             |_xor2:xor2|   ; 1 (0)             ; 0 (0)        ; 0                 ; 0          ; 0    ; 0            ; |os_logic|cla8:U0_cla8|cla4:U1_cla4|fa_v2:U0_fa|_xor2:xor2          ; work         ;
;                |_or2:or0|  ; 1 (1)             ; 0 (0)        ; 0                 ; 0          ; 0    ; 0            ; |os_logic|cla8:U0_cla8|cla4:U1_cla4|fa_v2:U0_fa|_xor2:xor2|_or2:or0 ; work         ;
;          |fa_v2:U1_fa|     ; 1 (0)             ; 0 (0)        ; 0                 ; 0          ; 0    ; 0            ; |os_logic|cla8:U0_cla8|cla4:U1_cla4|fa_v2:U1_fa                     ; work         ;
;             |_xor2:xor2|   ; 1 (0)             ; 0 (0)        ; 0                 ; 0          ; 0    ; 0            ; |os_logic|cla8:U0_cla8|cla4:U1_cla4|fa_v2:U1_fa|_xor2:xor2          ; work         ;
;                |_or2:or0|  ; 1 (1)             ; 0 (0)        ; 0                 ; 0          ; 0    ; 0            ; |os_logic|cla8:U0_cla8|cla4:U1_cla4|fa_v2:U1_fa|_xor2:xor2|_or2:or0 ; work         ;
;          |fa_v2:U3_fa|     ; 1 (0)             ; 0 (0)        ; 0                 ; 0          ; 0    ; 0            ; |os_logic|cla8:U0_cla8|cla4:U1_cla4|fa_v2:U3_fa                     ; work         ;
;             |_xor2:xor2|   ; 1 (0)             ; 0 (0)        ; 0                 ; 0          ; 0    ; 0            ; |os_logic|cla8:U0_cla8|cla4:U1_cla4|fa_v2:U3_fa|_xor2:xor2          ; work         ;
;                |_or2:or0|  ; 1 (1)             ; 0 (0)        ; 0                 ; 0          ; 0    ; 0            ; |os_logic|cla8:U0_cla8|cla4:U1_cla4|fa_v2:U3_fa|_xor2:xor2|_or2:or0 ; work         ;
;    |cla8:U1_cla8|          ; 5 (0)             ; 0 (0)        ; 0                 ; 0          ; 0    ; 0            ; |os_logic|cla8:U1_cla8                                              ; work         ;
;       |cla4:U0_cla4|       ; 1 (0)             ; 0 (0)        ; 0                 ; 0          ; 0    ; 0            ; |os_logic|cla8:U1_cla8|cla4:U0_cla4                                 ; work         ;
;          |fa_v2:U3_fa|     ; 1 (0)             ; 0 (0)        ; 0                 ; 0          ; 0    ; 0            ; |os_logic|cla8:U1_cla8|cla4:U0_cla4|fa_v2:U3_fa                     ; work         ;
;             |_xor2:xor2|   ; 1 (0)             ; 0 (0)        ; 0                 ; 0          ; 0    ; 0            ; |os_logic|cla8:U1_cla8|cla4:U0_cla4|fa_v2:U3_fa|_xor2:xor2          ; work         ;
;                |_or2:or0|  ; 1 (1)             ; 0 (0)        ; 0                 ; 0          ; 0    ; 0            ; |os_logic|cla8:U1_cla8|cla4:U0_cla4|fa_v2:U3_fa|_xor2:xor2|_or2:or0 ; work         ;
;       |cla4:U1_cla4|       ; 4 (0)             ; 0 (0)        ; 0                 ; 0          ; 0    ; 0            ; |os_logic|cla8:U1_cla8|cla4:U1_cla4                                 ; work         ;
;          |clb4:U4_clb4|    ; 1 (0)             ; 0 (0)        ; 0                 ; 0          ; 0    ; 0            ; |os_logic|cla8:U1_cla8|cla4:U1_cla4|clb4:U4_clb4                    ; work         ;
;             |_or4:or4C3|   ; 1 (1)             ; 0 (0)        ; 0                 ; 0          ; 0    ; 0            ; |os_logic|cla8:U1_cla8|cla4:U1_cla4|clb4:U4_clb4|_or4:or4C3         ; work         ;
;          |fa_v2:U0_fa|     ; 1 (0)             ; 0 (0)        ; 0                 ; 0          ; 0    ; 0            ; |os_logic|cla8:U1_cla8|cla4:U1_cla4|fa_v2:U0_fa                     ; work         ;
;             |_xor2:xor2|   ; 1 (0)             ; 0 (0)        ; 0                 ; 0          ; 0    ; 0            ; |os_logic|cla8:U1_cla8|cla4:U1_cla4|fa_v2:U0_fa|_xor2:xor2          ; work         ;
;                |_or2:or0|  ; 1 (1)             ; 0 (0)        ; 0                 ; 0          ; 0    ; 0            ; |os_logic|cla8:U1_cla8|cla4:U1_cla4|fa_v2:U0_fa|_xor2:xor2|_or2:or0 ; work         ;
;          |fa_v2:U1_fa|     ; 1 (0)             ; 0 (0)        ; 0                 ; 0          ; 0    ; 0            ; |os_logic|cla8:U1_cla8|cla4:U1_cla4|fa_v2:U1_fa                     ; work         ;
;             |_xor2:xor2|   ; 1 (0)             ; 0 (0)        ; 0                 ; 0          ; 0    ; 0            ; |os_logic|cla8:U1_cla8|cla4:U1_cla4|fa_v2:U1_fa|_xor2:xor2          ; work         ;
;                |_or2:or0|  ; 1 (1)             ; 0 (0)        ; 0                 ; 0          ; 0    ; 0            ; |os_logic|cla8:U1_cla8|cla4:U1_cla4|fa_v2:U1_fa|_xor2:xor2|_or2:or0 ; work         ;
;          |fa_v2:U3_fa|     ; 1 (0)             ; 0 (0)        ; 0                 ; 0          ; 0    ; 0            ; |os_logic|cla8:U1_cla8|cla4:U1_cla4|fa_v2:U3_fa                     ; work         ;
;             |_xor2:xor2|   ; 1 (0)             ; 0 (0)        ; 0                 ; 0          ; 0    ; 0            ; |os_logic|cla8:U1_cla8|cla4:U1_cla4|fa_v2:U3_fa|_xor2:xor2          ; work         ;
;                |_or2:or0|  ; 1 (1)             ; 0 (0)        ; 0                 ; 0          ; 0    ; 0            ; |os_logic|cla8:U1_cla8|cla4:U1_cla4|fa_v2:U3_fa|_xor2:xor2|_or2:or0 ; work         ;
+----------------------------+-------------------+--------------+-------------------+------------+------+--------------+---------------------------------------------------------------------+--------------+
Note: For table entries with two numbers listed, the numbers in parentheses indicate the number of resources of the given type used by the specific entity alone. The numbers listed outside of parentheses indicate the total resources of the given type used by the specific entity and all of its sub-entities in the hierarchy.


+------------------------------------------------------------+
; Logic Cells Representing Combinational Loops               ;
+--------------------------------------------------------+---+
; Logic Cell Name                                        ;   ;
+--------------------------------------------------------+---+
; rtl~0                                                  ;   ;
; rtl~1                                                  ;   ;
; rtl~2                                                  ;   ;
; rtl~3                                                  ;   ;
; rtl~4                                                  ;   ;
; rtl~5                                                  ;   ;
; rtl~6                                                  ;   ;
; rtl~7                                                  ;   ;
; Number of logic cells representing combinational loops ; 8 ;
+--------------------------------------------------------+---+
Note: All cells listed above may not be present at the end of synthesis due to various synthesis optimizations.


+------------------------------------------------------+
; General Register Statistics                          ;
+----------------------------------------------+-------+
; Statistic                                    ; Value ;
+----------------------------------------------+-------+
; Total registers                              ; 0     ;
; Number of registers using Synchronous Clear  ; 0     ;
; Number of registers using Synchronous Load   ; 0     ;
; Number of registers using Asynchronous Clear ; 0     ;
; Number of registers using Asynchronous Load  ; 0     ;
; Number of registers using Clock Enable       ; 0     ;
; Number of registers using Preset             ; 0     ;
+----------------------------------------------+-------+


+--------------------------------------------------------------------------+
; Parameter Settings for User Entity Instance: Top-level Entity: |os_logic ;
+----------------+-------+-------------------------------------------------+
; Parameter Name ; Value ; Type                                            ;
+----------------+-------+-------------------------------------------------+
; IDLE_STATE     ; 000   ; Unsigned Binary                                 ;
; LOAD_STATE     ; 001   ; Unsigned Binary                                 ;
; INC_STATE      ; 010   ; Unsigned Binary                                 ;
; INC2_STATE     ; 011   ; Unsigned Binary                                 ;
; DEC_STATE      ; 100   ; Unsigned Binary                                 ;
; DEC2_STATE     ; 101   ; Unsigned Binary                                 ;
+----------------+-------+-------------------------------------------------+
Note: In order to hide this table in the UI and the text report file, please set the "Show Parameter Settings in Synthesis Report" option in "Analysis and Synthesis Settings -> More Settings" to "Off".


+----------------------------------------------------------------------------------------------------------------+
; Port Connectivity Checks: "cla8:U1_cla8"                                                                       ;
+------+--------+----------+-------------------------------------------------------------------------------------+
; Port ; Type   ; Severity ; Details                                                                             ;
+------+--------+----------+-------------------------------------------------------------------------------------+
; co   ; Output ; Info     ; Connected to dangling logic. Logic that only feeds a dangling port will be removed. ;
; b    ; Input  ; Info     ; Stuck at VCC                                                                        ;
; ci   ; Input  ; Info     ; Stuck at GND                                                                        ;
+------+--------+----------+-------------------------------------------------------------------------------------+


+-------------------------------------------------------------------------------------------------------------------+
; Port Connectivity Checks: "cla8:U0_cla8"                                                                          ;
+---------+--------+----------+-------------------------------------------------------------------------------------+
; Port    ; Type   ; Severity ; Details                                                                             ;
+---------+--------+----------+-------------------------------------------------------------------------------------+
; co      ; Output ; Info     ; Connected to dangling logic. Logic that only feeds a dangling port will be removed. ;
; b[7..1] ; Input  ; Info     ; Stuck at GND                                                                        ;
; b[0]    ; Input  ; Info     ; Stuck at VCC                                                                        ;
; ci      ; Input  ; Info     ; Stuck at GND                                                                        ;
+---------+--------+----------+-------------------------------------------------------------------------------------+


+-----------------------------------------------------+
; Post-Synthesis Netlist Statistics for Top Partition ;
+-----------------------+-----------------------------+
; Type                  ; Count                       ;
+-----------------------+-----------------------------+
; arriav_lcell_comb     ; 19                          ;
;     extend            ; 1                           ;
;         7 data inputs ; 1                           ;
;     normal            ; 18                          ;
;         3 data inputs ; 2                           ;
;         4 data inputs ; 3                           ;
;         5 data inputs ; 3                           ;
;         6 data inputs ; 10                          ;
; boundary_port         ; 19                          ;
;                       ;                             ;
; Max LUT depth         ; 3.00                        ;
; Average LUT depth     ; 1.97                        ;
+-----------------------+-----------------------------+


+-------------------------------+
; Elapsed Time Per Partition    ;
+----------------+--------------+
; Partition Name ; Elapsed Time ;
+----------------+--------------+
; Top            ; 00:00:00     ;
+----------------+--------------+


+-------------------------------+
; Analysis & Synthesis Messages ;
+-------------------------------+
Info: *******************************************************************
Info: Running Quartus Prime Analysis & Synthesis
    Info: Version 15.1.0 Build 185 10/21/2015 SJ Lite Edition
    Info: Processing started: Sat Oct 30 18:28:01 2021
Info: Command: quartus_map --read_settings_files=on --write_settings_files=off cntr8 -c cntr8
Info (20030): Parallel compilation is enabled and will use 12 of the 12 processors detected
Info (12021): Found 1 design units, including 1 entities, in source file _register3_r.v
    Info (12023): Found entity 1: _register3_r File: C:/altera_lite/15.1/VL/Counter/_register3_r.v Line: 1
Info (12021): Found 1 design units, including 1 entities, in source file ns_logic.v
    Info (12023): Found entity 1: ns_logic File: C:/altera_lite/15.1/VL/Counter/ns_logic.v Line: 1
Info (12021): Found 1 design units, including 1 entities, in source file _dff_r.v
    Info (12023): Found entity 1: _dff_r File: C:/altera_lite/15.1/VL/Counter/_dff_r.v Line: 1
Info (12021): Found 21 design units, including 21 entities, in source file gates.v
    Info (12023): Found entity 1: _inv File: C:/altera_lite/15.1/VL/Counter/gates.v Line: 1
    Info (12023): Found entity 2: _nand2 File: C:/altera_lite/15.1/VL/Counter/gates.v Line: 8
    Info (12023): Found entity 3: _and2 File: C:/altera_lite/15.1/VL/Counter/gates.v Line: 15
    Info (12023): Found entity 4: _or2 File: C:/altera_lite/15.1/VL/Counter/gates.v Line: 22
    Info (12023): Found entity 5: _xor2 File: C:/altera_lite/15.1/VL/Counter/gates.v Line: 29
    Info (12023): Found entity 6: _and3 File: C:/altera_lite/15.1/VL/Counter/gates.v Line: 44
    Info (12023): Found entity 7: _and4 File: C:/altera_lite/15.1/VL/Counter/gates.v Line: 51
    Info (12023): Found entity 8: _and5 File: C:/altera_lite/15.1/VL/Counter/gates.v Line: 58
    Info (12023): Found entity 9: _or3 File: C:/altera_lite/15.1/VL/Counter/gates.v Line: 65
    Info (12023): Found entity 10: _or4 File: C:/altera_lite/15.1/VL/Counter/gates.v Line: 72
    Info (12023): Found entity 11: _or5 File: C:/altera_lite/15.1/VL/Counter/gates.v Line: 79
    Info (12023): Found entity 12: _inv_4bits File: C:/altera_lite/15.1/VL/Counter/gates.v Line: 86
    Info (12023): Found entity 13: _and2_4bits File: C:/altera_lite/15.1/VL/Counter/gates.v Line: 93
    Info (12023): Found entity 14: _or2_4bits File: C:/altera_lite/15.1/VL/Counter/gates.v Line: 100
    Info (12023): Found entity 15: _xor2_4bits File: C:/altera_lite/15.1/VL/Counter/gates.v Line: 107
    Info (12023): Found entity 16: _xnor2_4bits File: C:/altera_lite/15.1/VL/Counter/gates.v Line: 117
    Info (12023): Found entity 17: _inv_32bits File: C:/altera_lite/15.1/VL/Counter/gates.v Line: 126
    Info (12023): Found entity 18: _and2_32bits File: C:/altera_lite/15.1/VL/Counter/gates.v Line: 133
    Info (12023): Found entity 19: _or2_32bits File: C:/altera_lite/15.1/VL/Counter/gates.v Line: 140
    Info (12023): Found entity 20: _xor2_32bits File: C:/altera_lite/15.1/VL/Counter/gates.v Line: 147
    Info (12023): Found entity 21: _xnor2_32bits File: C:/altera_lite/15.1/VL/Counter/gates.v Line: 161
Info (12021): Found 1 design units, including 1 entities, in source file fa_v2.v
    Info (12023): Found entity 1: fa_v2 File: C:/altera_lite/15.1/VL/Counter/fa_v2.v Line: 1
Info (12021): Found 1 design units, including 1 entities, in source file clb4.v
    Info (12023): Found entity 1: clb4 File: C:/altera_lite/15.1/VL/Counter/clb4.v Line: 1
Info (12021): Found 1 design units, including 1 entities, in source file cla8.v
    Info (12023): Found entity 1: cla8 File: C:/altera_lite/15.1/VL/Counter/cla8.v Line: 1
Info (12021): Found 1 design units, including 1 entities, in source file cla4.v
    Info (12023): Found entity 1: cla4 File: C:/altera_lite/15.1/VL/Counter/cla4.v Line: 1
Info (12021): Found 1 design units, including 1 entities, in source file tb_cla8.v
    Info (12023): Found entity 1: tb_cla8 File: C:/altera_lite/15.1/VL/Counter/tb_cla8.v Line: 3
Info (12021): Found 1 design units, including 1 entities, in source file tb_ns_logic.v
    Info (12023): Found entity 1: tb_ns_logic File: C:/altera_lite/15.1/VL/Counter/tb_ns_logic.v Line: 3
Info (12021): Found 1 design units, including 1 entities, in source file os_logic.v
    Info (12023): Found entity 1: os_logic File: C:/altera_lite/15.1/VL/Counter/os_logic.v Line: 1
Info (12021): Found 1 design units, including 1 entities, in source file tb_os_logic.v
    Info (12023): Found entity 1: tb_os_logic File: C:/altera_lite/15.1/VL/Counter/tb_os_logic.v Line: 3
Info (12021): Found 1 design units, including 1 entities, in source file cntr8.v
    Info (12023): Found entity 1: cntr8 File: C:/altera_lite/15.1/VL/Counter/cntr8.v Line: 1
Info (12021): Found 1 design units, including 1 entities, in source file tb_cntr8.v
    Info (12023): Found entity 1: tb_cntr8 File: C:/altera_lite/15.1/VL/Counter/tb_cntr8.v Line: 3
Warning (10236): Verilog HDL Implicit Net warning at fa_v2.v(5): created implicit net for "w0" File: C:/altera_lite/15.1/VL/Counter/fa_v2.v Line: 5
Warning (10236): Verilog HDL Implicit Net warning at os_logic.v(29): created implicit net for "w0" File: C:/altera_lite/15.1/VL/Counter/os_logic.v Line: 29
Warning (10236): Verilog HDL Implicit Net warning at os_logic.v(30): created implicit net for "w1" File: C:/altera_lite/15.1/VL/Counter/os_logic.v Line: 30
Info (12127): Elaborating entity "os_logic" for the top level hierarchy
Warning (10235): Verilog HDL Always Construct warning at os_logic.v(20): variable "d_in" is read inside the Always Construct but isn't in the Always Construct's Event Control File: C:/altera_lite/15.1/VL/Counter/os_logic.v Line: 20
Warning (10235): Verilog HDL Always Construct warning at os_logic.v(21): variable "d_inc" is read inside the Always Construct but isn't in the Always Construct's Event Control File: C:/altera_lite/15.1/VL/Counter/os_logic.v Line: 21
Warning (10235): Verilog HDL Always Construct warning at os_logic.v(22): variable "d_inc" is read inside the Always Construct but isn't in the Always Construct's Event Control File: C:/altera_lite/15.1/VL/Counter/os_logic.v Line: 22
Warning (10235): Verilog HDL Always Construct warning at os_logic.v(23): variable "d_dec" is read inside the Always Construct but isn't in the Always Construct's Event Control File: C:/altera_lite/15.1/VL/Counter/os_logic.v Line: 23
Warning (10235): Verilog HDL Always Construct warning at os_logic.v(24): variable "d_dec" is read inside the Always Construct but isn't in the Always Construct's Event Control File: C:/altera_lite/15.1/VL/Counter/os_logic.v Line: 24
Info (12128): Elaborating entity "cla8" for hierarchy "cla8:U0_cla8" File: C:/altera_lite/15.1/VL/Counter/os_logic.v Line: 29
Info (12128): Elaborating entity "cla4" for hierarchy "cla8:U0_cla8|cla4:U0_cla4" File: C:/altera_lite/15.1/VL/Counter/cla8.v Line: 8
Info (12128): Elaborating entity "fa_v2" for hierarchy "cla8:U0_cla8|cla4:U0_cla4|fa_v2:U0_fa" File: C:/altera_lite/15.1/VL/Counter/cla4.v Line: 9
Info (12128): Elaborating entity "_xor2" for hierarchy "cla8:U0_cla8|cla4:U0_cla4|fa_v2:U0_fa|_xor2:xor1" File: C:/altera_lite/15.1/VL/Counter/fa_v2.v Line: 5
Info (12128): Elaborating entity "_inv" for hierarchy "cla8:U0_cla8|cla4:U0_cla4|fa_v2:U0_fa|_xor2:xor1|_inv:invA" File: C:/altera_lite/15.1/VL/Counter/gates.v Line: 35
Info (12128): Elaborating entity "_and2" for hierarchy "cla8:U0_cla8|cla4:U0_cla4|fa_v2:U0_fa|_xor2:xor1|_and2:and0" File: C:/altera_lite/15.1/VL/Counter/gates.v Line: 38
Info (12128): Elaborating entity "_or2" for hierarchy "cla8:U0_cla8|cla4:U0_cla4|fa_v2:U0_fa|_xor2:xor1|_or2:or0" File: C:/altera_lite/15.1/VL/Counter/gates.v Line: 41
Info (12128): Elaborating entity "clb4" for hierarchy "cla8:U0_cla8|cla4:U0_cla4|clb4:U4_clb4" File: C:/altera_lite/15.1/VL/Counter/cla4.v Line: 13
Info (12128): Elaborating entity "_and3" for hierarchy "cla8:U0_cla8|cla4:U0_cla4|clb4:U4_clb4|_and3:and3C2" File: C:/altera_lite/15.1/VL/Counter/clb4.v Line: 32
Info (12128): Elaborating entity "_or3" for hierarchy "cla8:U0_cla8|cla4:U0_cla4|clb4:U4_clb4|_or3:or3C2" File: C:/altera_lite/15.1/VL/Counter/clb4.v Line: 33
Info (12128): Elaborating entity "_and4" for hierarchy "cla8:U0_cla8|cla4:U0_cla4|clb4:U4_clb4|_and4:and4C3" File: C:/altera_lite/15.1/VL/Counter/clb4.v Line: 39
Info (12128): Elaborating entity "_or4" for hierarchy "cla8:U0_cla8|cla4:U0_cla4|clb4:U4_clb4|_or4:or4C3" File: C:/altera_lite/15.1/VL/Counter/clb4.v Line: 40
Info (12128): Elaborating entity "_and5" for hierarchy "cla8:U0_cla8|cla4:U0_cla4|clb4:U4_clb4|_and5:and5Co" File: C:/altera_lite/15.1/VL/Counter/clb4.v Line: 51
Info (12128): Elaborating entity "_or5" for hierarchy "cla8:U0_cla8|cla4:U0_cla4|clb4:U4_clb4|_or5:or5Co" File: C:/altera_lite/15.1/VL/Counter/clb4.v Line: 52
Info (286030): Timing-Driven Synthesis is running
Info (144001): Generated suppressed messages file C:/altera_lite/15.1/VL/Counter/output_files/cntr8.map.smsg
Info (16010): Generating hard_block partition "hard_block:auto_generated_inst"
    Info (16011): Adding 0 node(s), including 0 DDIO, 0 PLL, 0 transceiver and 0 LCELL
Info (21057): Implemented 38 device resources after synthesis - the final resource count might be different
    Info (21058): Implemented 11 input pins
    Info (21059): Implemented 8 output pins
    Info (21061): Implemented 19 logic cells
Info: Quartus Prime Analysis & Synthesis was successful. 0 errors, 8 warnings
    Info: Peak virtual memory: 5016 megabytes
    Info: Processing ended: Sat Oct 30 18:28:07 2021
    Info: Elapsed time: 00:00:06
    Info: Total CPU time (on all processors): 00:00:13


+------------------------------------------+
; Analysis & Synthesis Suppressed Messages ;
+------------------------------------------+
The suppressed messages can be found in C:/altera_lite/15.1/VL/Counter/output_files/cntr8.map.smsg.


